0 info it worked if it ends with ok
1 verbose cli [ 'node', '/usr/bin/npm', 'install' ]
2 info using npm@1.3.6
3 info using node@v0.10.36
4 warn package.json geojson.io@0.1.1 No README data
5 verbose readDependencies using package.json deps
6 verbose install where, deps [ '/home/dudae/Projects/geojson.io/app',
6 verbose install   [ 'bowser',
6 verbose install     'clean-css',
6 verbose install     'clone',
6 verbose install     'csv2geojson',
6 verbose install     'd3',
6 verbose install     'd3-metatable',
6 verbose install     'detect-json-indent',
6 verbose install     'fabric',
6 verbose install     'filesaver.js',
6 verbose install     'geojson-flatten',
6 verbose install     'geojson-normalize',
6 verbose install     'escape-html',
6 verbose install     'geojson-random',
6 verbose install     'geojson2dsv',
6 verbose install     'geojsonhint',
6 verbose install     'gist-map-browser',
6 verbose install     'github-api',
6 verbose install     'github-file-browser',
6 verbose install     'jsonlint',
6 verbose install     'jquery',
6 verbose install     'jquery-ui',
6 verbose install     'jstree',
6 verbose install     'leaflet-draw',
6 verbose install     'leaflet-geodesy',
6 verbose install     'leaflet-hash',
6 verbose install     'mapbox.js',
6 verbose install     'marked',
6 verbose install     'osmtogeojson',
6 verbose install     'polytogeojson',
6 verbose install     'qs-hash',
6 verbose install     'shp-write',
6 verbose install     'smash',
6 verbose install     'string',
6 verbose install     'store',
6 verbose install     'togeojson',
6 verbose install     'tokml',
6 verbose install     'topojson',
6 verbose install     'uglify-js',
6 verbose install     'vex-js',
6 verbose install     'wellknown',
6 verbose install     'xtend',
6 verbose install     'browserify',
6 verbose install     'brfs',
6 verbose install     'tape',
6 verbose install     'jshint' ] ]
7 info preinstall geojson.io@0.1.1
8 warn package.json gist-map-browser@0.2.0 No repository field.
9 warn package.json leaflet-geodesy@0.1.1 No repository field.
10 verbose readDependencies using package.json deps
11 verbose already installed skipping escape-html@^1.0.1 /home/dudae/Projects/geojson.io/app
12 verbose already installed skipping geojson-random@0.1.0 /home/dudae/Projects/geojson.io/app
13 verbose already installed skipping geojson2dsv@0.0.0 /home/dudae/Projects/geojson.io/app
14 verbose already installed skipping geojsonhint@0.3.4 /home/dudae/Projects/geojson.io/app
15 verbose already installed skipping gist-map-browser@0.2.0 /home/dudae/Projects/geojson.io/app
16 verbose cache add [ 'github-api@0.10.7', null ]
17 verbose cache add name=undefined spec="github-api@0.10.7" args=["github-api@0.10.7",null]
18 verbose parsed url { protocol: null,
18 verbose parsed url   slashes: null,
18 verbose parsed url   auth: null,
18 verbose parsed url   host: null,
18 verbose parsed url   port: null,
18 verbose parsed url   hostname: null,
18 verbose parsed url   hash: null,
18 verbose parsed url   search: null,
18 verbose parsed url   query: null,
18 verbose parsed url   pathname: 'github-api@0.10.7',
18 verbose parsed url   path: 'github-api@0.10.7',
18 verbose parsed url   href: 'github-api@0.10.7' }
19 verbose cache add name="github-api" spec="0.10.7" args=["github-api","0.10.7"]
20 verbose parsed url { protocol: null,
20 verbose parsed url   slashes: null,
20 verbose parsed url   auth: null,
20 verbose parsed url   host: null,
20 verbose parsed url   port: null,
20 verbose parsed url   hostname: null,
20 verbose parsed url   hash: null,
20 verbose parsed url   search: null,
20 verbose parsed url   query: null,
20 verbose parsed url   pathname: '0.10.7',
20 verbose parsed url   path: '0.10.7',
20 verbose parsed url   href: '0.10.7' }
21 verbose addNamed [ 'github-api', '0.10.7' ]
22 verbose addNamed [ '0.10.7', '0.10.7' ]
23 verbose already installed skipping github-file-browser@0.6.1 /home/dudae/Projects/geojson.io/app
24 silly lockFile 11150080-github-api-0-10-7 github-api@0.10.7
25 verbose lock github-api@0.10.7 /home/dudae/.npm/11150080-github-api-0-10-7.lock
26 verbose already installed skipping jsonlint@1.6.0 /home/dudae/Projects/geojson.io/app
27 verbose already installed skipping jquery@2.1.4 /home/dudae/Projects/geojson.io/app
28 verbose already installed skipping jquery-ui@1.10.5 /home/dudae/Projects/geojson.io/app
29 verbose cache add [ 'jstree@3.2.1', null ]
30 verbose cache add name=undefined spec="jstree@3.2.1" args=["jstree@3.2.1",null]
31 verbose parsed url { protocol: null,
31 verbose parsed url   slashes: null,
31 verbose parsed url   auth: null,
31 verbose parsed url   host: null,
31 verbose parsed url   port: null,
31 verbose parsed url   hostname: null,
31 verbose parsed url   hash: null,
31 verbose parsed url   search: null,
31 verbose parsed url   query: null,
31 verbose parsed url   pathname: 'jstree@3.2.1',
31 verbose parsed url   path: 'jstree@3.2.1',
31 verbose parsed url   href: 'jstree@3.2.1' }
32 verbose cache add name="jstree" spec="3.2.1" args=["jstree","3.2.1"]
33 verbose parsed url { protocol: null,
33 verbose parsed url   slashes: null,
33 verbose parsed url   auth: null,
33 verbose parsed url   host: null,
33 verbose parsed url   port: null,
33 verbose parsed url   hostname: null,
33 verbose parsed url   hash: null,
33 verbose parsed url   search: null,
33 verbose parsed url   query: null,
33 verbose parsed url   pathname: '3.2.1',
33 verbose parsed url   path: '3.2.1',
33 verbose parsed url   href: '3.2.1' }
34 verbose addNamed [ 'jstree', '3.2.1' ]
35 verbose addNamed [ '3.2.1', '3.2.1' ]
36 silly lockFile 366b9948-jstree-3-2-1 jstree@3.2.1
37 verbose lock jstree@3.2.1 /home/dudae/.npm/366b9948-jstree-3-2-1.lock
38 verbose already installed skipping leaflet-draw@0.2.3 /home/dudae/Projects/geojson.io/app
39 verbose already installed skipping leaflet-geodesy@0.1.1 /home/dudae/Projects/geojson.io/app
40 verbose already installed skipping leaflet-hash@0.2.1 /home/dudae/Projects/geojson.io/app
41 verbose already installed skipping mapbox.js@2.1.4 /home/dudae/Projects/geojson.io/app
42 verbose already installed skipping marked@0.3.2 /home/dudae/Projects/geojson.io/app
43 verbose already installed skipping osmtogeojson@2.0.5 /home/dudae/Projects/geojson.io/app
44 verbose already installed skipping polytogeojson@0.0.1 /home/dudae/Projects/geojson.io/app
45 verbose already installed skipping qs-hash@0.0.0 /home/dudae/Projects/geojson.io/app
46 verbose already installed skipping shp-write@0.2.3 /home/dudae/Projects/geojson.io/app
47 verbose already installed skipping smash@0.0.11 /home/dudae/Projects/geojson.io/app
48 verbose cache add [ 'string@3.3.1', null ]
49 verbose cache add name=undefined spec="string@3.3.1" args=["string@3.3.1",null]
50 verbose parsed url { protocol: null,
50 verbose parsed url   slashes: null,
50 verbose parsed url   auth: null,
50 verbose parsed url   host: null,
50 verbose parsed url   port: null,
50 verbose parsed url   hostname: null,
50 verbose parsed url   hash: null,
50 verbose parsed url   search: null,
50 verbose parsed url   query: null,
50 verbose parsed url   pathname: 'string@3.3.1',
50 verbose parsed url   path: 'string@3.3.1',
50 verbose parsed url   href: 'string@3.3.1' }
51 verbose cache add name="string" spec="3.3.1" args=["string","3.3.1"]
52 verbose parsed url { protocol: null,
52 verbose parsed url   slashes: null,
52 verbose parsed url   auth: null,
52 verbose parsed url   host: null,
52 verbose parsed url   port: null,
52 verbose parsed url   hostname: null,
52 verbose parsed url   hash: null,
52 verbose parsed url   search: null,
52 verbose parsed url   query: null,
52 verbose parsed url   pathname: '3.3.1',
52 verbose parsed url   path: '3.3.1',
52 verbose parsed url   href: '3.3.1' }
53 verbose addNamed [ 'string', '3.3.1' ]
54 verbose addNamed [ '3.3.1', '3.3.1' ]
55 silly lockFile 1d1888c6-string-3-3-1 string@3.3.1
56 verbose lock string@3.3.1 /home/dudae/.npm/1d1888c6-string-3-3-1.lock
57 verbose already installed skipping store@1.3.14 /home/dudae/Projects/geojson.io/app
58 verbose already installed skipping togeojson@0.5.0 /home/dudae/Projects/geojson.io/app
59 verbose already installed skipping tokml@0.3.0 /home/dudae/Projects/geojson.io/app
60 verbose already installed skipping topojson@1.6.8 /home/dudae/Projects/geojson.io/app
61 verbose already installed skipping uglify-js@2.4.1 /home/dudae/Projects/geojson.io/app
62 verbose url raw github-api/0.10.7
63 verbose url resolving [ 'https://registry.npmjs.org/', './github-api/0.10.7' ]
64 verbose url resolved https://registry.npmjs.org/github-api/0.10.7
65 info trying registry request attempt 1 at 14:32:40
66 http GET https://registry.npmjs.org/github-api/0.10.7
67 verbose already installed skipping vex-js@2.3.2 /home/dudae/Projects/geojson.io/app
68 verbose already installed skipping wellknown@0.3.1 /home/dudae/Projects/geojson.io/app
69 verbose already installed skipping xtend@3.0.0 /home/dudae/Projects/geojson.io/app
70 verbose already installed skipping browserify@4.1.11 /home/dudae/Projects/geojson.io/app
71 verbose already installed skipping brfs@1.0.2 /home/dudae/Projects/geojson.io/app
72 verbose already installed skipping tape@~2.12.3 /home/dudae/Projects/geojson.io/app
73 verbose already installed skipping jshint@2.5.1 /home/dudae/Projects/geojson.io/app
74 verbose already installed skipping bowser@0.3.2 /home/dudae/Projects/geojson.io/app
75 verbose already installed skipping clean-css@~2.0.7 /home/dudae/Projects/geojson.io/app
76 verbose already installed skipping clone@0.1.16 /home/dudae/Projects/geojson.io/app
77 verbose already installed skipping csv2geojson@3.6.1 /home/dudae/Projects/geojson.io/app
78 verbose already installed skipping d3@3.4.11 /home/dudae/Projects/geojson.io/app
79 verbose already installed skipping d3-metatable@0.3.0 /home/dudae/Projects/geojson.io/app
80 verbose already installed skipping detect-json-indent@0.0.0 /home/dudae/Projects/geojson.io/app
81 verbose cache add [ 'fabric@1.6.0-rc.1', null ]
82 verbose cache add name=undefined spec="fabric@1.6.0-rc.1" args=["fabric@1.6.0-rc.1",null]
83 verbose parsed url { protocol: null,
83 verbose parsed url   slashes: null,
83 verbose parsed url   auth: null,
83 verbose parsed url   host: null,
83 verbose parsed url   port: null,
83 verbose parsed url   hostname: null,
83 verbose parsed url   hash: null,
83 verbose parsed url   search: null,
83 verbose parsed url   query: null,
83 verbose parsed url   pathname: 'fabric@1.6.0-rc.1',
83 verbose parsed url   path: 'fabric@1.6.0-rc.1',
83 verbose parsed url   href: 'fabric@1.6.0-rc.1' }
84 verbose cache add name="fabric" spec="1.6.0-rc.1" args=["fabric","1.6.0-rc.1"]
85 verbose parsed url { protocol: null,
85 verbose parsed url   slashes: null,
85 verbose parsed url   auth: null,
85 verbose parsed url   host: null,
85 verbose parsed url   port: null,
85 verbose parsed url   hostname: null,
85 verbose parsed url   hash: null,
85 verbose parsed url   search: null,
85 verbose parsed url   query: null,
85 verbose parsed url   pathname: '1.6.0-rc.1',
85 verbose parsed url   path: '1.6.0-rc.1',
85 verbose parsed url   href: '1.6.0-rc.1' }
86 verbose addNamed [ 'fabric', '1.6.0-rc.1' ]
87 verbose addNamed [ '1.6.0-rc.1', '1.6.0-rc.1' ]
88 silly lockFile d5855ffe-fabric-1-6-0-rc-1 fabric@1.6.0-rc.1
89 verbose lock fabric@1.6.0-rc.1 /home/dudae/.npm/d5855ffe-fabric-1-6-0-rc-1.lock
90 verbose already installed skipping filesaver.js@0.1.0 /home/dudae/Projects/geojson.io/app
91 verbose already installed skipping geojson-flatten@~0.1.0 /home/dudae/Projects/geojson.io/app
92 verbose already installed skipping geojson-normalize@0.0.0 /home/dudae/Projects/geojson.io/app
93 verbose url raw jstree/3.2.1
94 verbose url resolving [ 'https://registry.npmjs.org/', './jstree/3.2.1' ]
95 verbose url resolved https://registry.npmjs.org/jstree/3.2.1
96 info trying registry request attempt 1 at 14:32:40
97 http GET https://registry.npmjs.org/jstree/3.2.1
98 verbose url raw string/3.3.1
99 verbose url resolving [ 'https://registry.npmjs.org/', './string/3.3.1' ]
100 verbose url resolved https://registry.npmjs.org/string/3.3.1
101 info trying registry request attempt 1 at 14:32:40
102 http GET https://registry.npmjs.org/string/3.3.1
103 verbose url raw fabric/1.6.0-rc.1
104 verbose url resolving [ 'https://registry.npmjs.org/', './fabric/1.6.0-rc.1' ]
105 verbose url resolved https://registry.npmjs.org/fabric/1.6.0-rc.1
106 info trying registry request attempt 1 at 14:32:40
107 verbose etag "8ZBHTLKSI87QUUN02O66LNO2X"
108 http GET https://registry.npmjs.org/fabric/1.6.0-rc.1
109 http 304 https://registry.npmjs.org/fabric/1.6.0-rc.1
110 silly registry.get cb [ 304,
110 silly registry.get   { date: 'Thu, 05 Nov 2015 13:32:41 GMT',
110 silly registry.get     via: '1.1 varnish',
110 silly registry.get     'cache-control': 'max-age=60',
110 silly registry.get     etag: '"8ZBHTLKSI87QUUN02O66LNO2X"',
110 silly registry.get     age: '0',
110 silly registry.get     connection: 'keep-alive',
110 silly registry.get     'x-served-by': 'cache-ams4121-AMS',
110 silly registry.get     'x-cache': 'MISS',
110 silly registry.get     'x-cache-hits': '0',
110 silly registry.get     'x-timer': 'S1446730361.092389,VS0,VE143',
110 silly registry.get     vary: 'Accept' } ]
111 verbose etag fabric/1.6.0-rc.1 from cache
112 http 404 https://registry.npmjs.org/github-api/0.10.7
113 verbose headers { server: 'CouchDB/1.5.0 (Erlang OTP/R16B03)',
113 verbose headers   etag: '"6AIFAJO1WIN6IOF380MV3ZEQI"',
113 verbose headers   'content-type': 'application/json',
113 verbose headers   'cache-control': 'max-age=0',
113 verbose headers   'content-length': '37',
113 verbose headers   'accept-ranges': 'bytes',
113 verbose headers   date: 'Thu, 05 Nov 2015 13:32:41 GMT',
113 verbose headers   via: '1.1 varnish',
113 verbose headers   age: '0',
113 verbose headers   connection: 'keep-alive',
113 verbose headers   'x-served-by': 'cache-ams4146-AMS',
113 verbose headers   'x-cache': 'MISS',
113 verbose headers   'x-cache-hits': '0',
113 verbose headers   'x-timer': 'S1446730361.087307,VS0,VE191',
113 verbose headers   vary: 'Accept' }
114 silly registry.get cb [ 404,
114 silly registry.get   { server: 'CouchDB/1.5.0 (Erlang OTP/R16B03)',
114 silly registry.get     etag: '"6AIFAJO1WIN6IOF380MV3ZEQI"',
114 silly registry.get     'content-type': 'application/json',
114 silly registry.get     'cache-control': 'max-age=0',
114 silly registry.get     'content-length': '37',
114 silly registry.get     'accept-ranges': 'bytes',
114 silly registry.get     date: 'Thu, 05 Nov 2015 13:32:41 GMT',
114 silly registry.get     via: '1.1 varnish',
114 silly registry.get     age: '0',
114 silly registry.get     connection: 'keep-alive',
114 silly registry.get     'x-served-by': 'cache-ams4146-AMS',
114 silly registry.get     'x-cache': 'MISS',
114 silly registry.get     'x-cache-hits': '0',
114 silly registry.get     'x-timer': 'S1446730361.087307,VS0,VE191',
114 silly registry.get     vary: 'Accept' } ]
115 silly lockFile 11150080-github-api-0-10-7 github-api@0.10.7
116 silly lockFile 11150080-github-api-0-10-7 github-api@0.10.7
117 error Error: version not found: 0.10.7 : github-api/0.10.7
117 error     at RegClient.<anonymous> (/usr/lib/node_modules/npm-registry-client/lib/request.js:274:14)
117 error     at Request._callback (/usr/lib/node_modules/npm-registry-client/lib/request.js:212:65)
117 error     at Request.self.callback (/usr/lib/node_modules/request/index.js:148:22)
117 error     at Request.emit (events.js:98:17)
117 error     at Request.<anonymous> (/usr/lib/node_modules/request/index.js:891:14)
117 error     at Request.emit (events.js:117:20)
117 error     at IncomingMessage.<anonymous> (/usr/lib/node_modules/request/index.js:842:12)
117 error     at IncomingMessage.emit (events.js:117:20)
117 error     at _stream_readable.js:944:16
117 error     at process._tickCallback (node.js:442:13)
118 error If you need help, you may report this log at:
118 error     <http://github.com/isaacs/npm/issues>
118 error or email it to:
118 error     <npm-@googlegroups.com>
119 error System Linux 4.2.5-300.fc23.x86_64
120 error command "node" "/usr/bin/npm" "install"
121 error cwd /home/dudae/Projects/geojson.io/app
122 error node -v v0.10.36
123 error npm -v 1.3.6
124 verbose exit [ 1, true ]
